INFO 2025-04-11 18:33:07,334 autoreload Watching for file changes with StatReloader
INFO 2025-04-11 18:33:54,199 basehttp "GET / HTTP/1.1" 200 66932
WARNING 2025-04-11 18:33:54,300 basehttp "GET /static/css/main.min.css HTTP/1.1" 404 1862
INFO 2025-04-11 18:33:57,076 basehttp "GET / HTTP/1.1" 200 66932
WARNING 2025-04-11 18:33:57,188 basehttp "GET /static/css/main.min.css HTTP/1.1" 404 1862
INFO 2025-04-11 18:33:59,538 basehttp "GET / HTTP/1.1" 200 66932
WARNING 2025-04-11 18:33:59,621 basehttp "GET /static/css/main.min.css HTTP/1.1" 404 1862
INFO 2025-04-11 18:39:02,332 basehttp "GET / HTTP/1.1" 200 64267
WARNING 2025-04-11 18:39:02,383 basehttp "GET /static/css/main.min.css HTTP/1.1" 404 1862
INFO 2025-04-11 18:39:08,658 basehttp "GET / HTTP/1.1" 200 64267
WARNING 2025-04-11 18:39:08,698 basehttp "GET /static/css/main.min.css HTTP/1.1" 404 1862
INFO 2025-04-11 18:40:32,422 basehttp "GET / HTTP/1.1" 200 64262
WARNING 2025-04-11 18:40:32,487 basehttp "GET /static/css/main.min.css HTTP/1.1" 404 1862
INFO 2025-04-11 18:41:36,598 basehttp "GET / HTTP/1.1" 200 64168
WARNING 2025-04-11 18:41:36,643 basehttp "GET /static/css/main.min.css HTTP/1.1" 404 1862
INFO 2025-04-11 18:42:08,817 basehttp "GET / HTTP/1.1" 200 64166
WARNING 2025-04-11 18:42:08,863 basehttp "GET /static/css/main.min.css HTTP/1.1" 404 1862
INFO 2025-04-11 18:42:09,810 basehttp "GET / HTTP/1.1" 200 64166
WARNING 2025-04-11 18:42:09,849 basehttp "GET /static/css/main.min.css HTTP/1.1" 404 1862
INFO 2025-04-11 18:43:23,464 basehttp "GET / HTTP/1.1" 200 64166
WARNING 2025-04-11 18:43:23,510 basehttp "GET /static/css/main.min.css HTTP/1.1" 404 1862
INFO 2025-04-11 18:43:25,361 basehttp "GET / HTTP/1.1" 200 64166
WARNING 2025-04-11 18:43:25,399 basehttp "GET /static/css/main.min.css HTTP/1.1" 404 1862
INFO 2025-04-11 18:43:27,469 basehttp "GET / HTTP/1.1" 200 64166
WARNING 2025-04-11 18:43:27,520 basehttp "GET /static/css/main.min.css HTTP/1.1" 404 1862
INFO 2025-04-11 18:43:49,326 basehttp "GET / HTTP/1.1" 200 64171
WARNING 2025-04-11 18:43:49,376 basehttp "GET /static/css/main.min.css HTTP/1.1" 404 1862
INFO 2025-04-11 18:44:45,233 basehttp "GET / HTTP/1.1" 200 64166
WARNING 2025-04-11 18:44:45,285 basehttp "GET /static/css/main.min.css HTTP/1.1" 404 1862
INFO 2025-04-11 18:44:46,405 basehttp "GET / HTTP/1.1" 200 64166
WARNING 2025-04-11 18:44:46,451 basehttp "GET /static/css/main.min.css HTTP/1.1" 404 1862
INFO 2025-04-11 18:47:32,670 basehttp "GET / HTTP/1.1" 200 64102
WARNING 2025-04-11 18:47:32,723 basehttp "GET /static/css/main.min.css HTTP/1.1" 404 1862
INFO 2025-04-11 18:47:42,268 basehttp "GET / HTTP/1.1" 200 64102
WARNING 2025-04-11 18:47:42,321 basehttp "GET /static/css/main.min.css HTTP/1.1" 404 1862
INFO 2025-04-11 18:47:48,570 basehttp "GET / HTTP/1.1" 200 64102
WARNING 2025-04-11 18:47:48,626 basehttp "GET /static/css/main.min.css HTTP/1.1" 404 1862
INFO 2025-04-11 18:47:53,794 basehttp "GET / HTTP/1.1" 200 64102
WARNING 2025-04-11 18:47:53,844 basehttp "GET /static/css/main.min.css HTTP/1.1" 404 1862
INFO 2025-04-11 18:49:26,064 basehttp "GET / HTTP/1.1" 200 64569
WARNING 2025-04-11 18:49:26,112 basehttp "GET /static/css/main.min.css HTTP/1.1" 404 1862
INFO 2025-04-11 18:51:04,236 basehttp "GET / HTTP/1.1" 200 64573
WARNING 2025-04-11 18:51:04,283 basehttp "GET /static/css/main.min.css HTTP/1.1" 404 1862
INFO 2025-04-11 18:55:01,441 basehttp "GET / HTTP/1.1" 200 65542
WARNING 2025-04-11 18:55:01,507 basehttp "GET /static/css/main.min.css HTTP/1.1" 404 1862
INFO 2025-04-11 18:58:57,845 basehttp "GET / HTTP/1.1" 200 7248
INFO 2025-04-11 18:58:59,122 basehttp "GET / HTTP/1.1" 200 7248
INFO 2025-04-11 18:59:02,406 basehttp "GET / HTTP/1.1" 200 7248
INFO 2025-04-11 18:59:14,953 basehttp "GET / HTTP/1.1" 200 7248
INFO 2025-04-11 19:03:07,530 basehttp "GET / HTTP/1.1" 200 7421
INFO 2025-04-11 19:03:08,699 basehttp "GET / HTTP/1.1" 200 7421
INFO 2025-04-11 19:03:09,914 basehttp "GET / HTTP/1.1" 200 7421
INFO 2025-04-11 19:03:38,419 basehttp "GET / HTTP/1.1" 200 7421
INFO 2025-04-11 19:05:43,104 basehttp "GET / HTTP/1.1" 200 6539
INFO 2025-04-11 19:05:44,908 basehttp "GET / HTTP/1.1" 200 6539
INFO 2025-04-11 19:05:48,766 basehttp "GET / HTTP/1.1" 200 6539
INFO 2025-04-11 19:05:49,650 basehttp "GET / HTTP/1.1" 200 6539
INFO 2025-04-11 19:05:50,333 basehttp "GET / HTTP/1.1" 200 6539
INFO 2025-04-11 19:05:50,844 basehttp "GET / HTTP/1.1" 200 6539
INFO 2025-04-11 19:05:51,287 basehttp "GET / HTTP/1.1" 200 6539
INFO 2025-04-11 19:06:40,300 basehttp "GET / HTTP/1.1" 200 5693
INFO 2025-04-11 19:06:41,541 basehttp "GET / HTTP/1.1" 200 5693
INFO 2025-04-11 19:06:43,297 basehttp "GET / HTTP/1.1" 200 5693
INFO 2025-04-11 19:06:55,479 autoreload Watching for file changes with StatReloader
INFO 2025-04-11 19:06:58,508 basehttp "GET / HTTP/1.1" 200 5693
INFO 2025-04-11 19:06:59,248 basehttp "GET / HTTP/1.1" 200 5693
INFO 2025-04-11 19:07:21,871 basehttp "GET / HTTP/1.1" 200 5693
INFO 2025-04-11 19:08:01,586 basehttp "GET / HTTP/1.1" 200 65454
WARNING 2025-04-11 19:08:01,636 basehttp "GET /static/css/main.min.css HTTP/1.1" 404 1862
INFO 2025-04-11 19:08:24,795 basehttp "GET / HTTP/1.1" 200 65454
WARNING 2025-04-11 19:08:24,839 basehttp "GET /static/css/main.min.css HTTP/1.1" 404 1862
INFO 2025-04-11 19:11:11,985 basehttp "GET / HTTP/1.1" 200 65701
WARNING 2025-04-11 19:11:12,045 basehttp "GET /static/css/main.min.css HTTP/1.1" 404 1862
INFO 2025-04-11 19:11:59,564 basehttp "GET / HTTP/1.1" 200 65701
WARNING 2025-04-11 19:11:59,612 basehttp "GET /static/css/main.min.css HTTP/1.1" 404 1862
INFO 2025-04-11 19:18:05,383 basehttp "GET / HTTP/1.1" 200 73825
WARNING 2025-04-11 19:18:05,437 basehttp "GET /static/css/main.min.css HTTP/1.1" 404 1862
INFO 2025-04-11 19:21:54,074 basehttp "GET / HTTP/1.1" 200 68262
WARNING 2025-04-11 19:21:54,122 basehttp "GET /static/css/main.min.css HTTP/1.1" 404 1862
INFO 2025-04-11 19:24:33,169 basehttp "GET / HTTP/1.1" 200 67388
WARNING 2025-04-11 19:24:33,221 basehttp "GET /static/css/main.min.css HTTP/1.1" 404 1862
INFO 2025-04-11 19:27:55,474 basehttp "GET / HTTP/1.1" 200 68243
WARNING 2025-04-11 19:27:55,513 basehttp "GET /static/css/main.min.css HTTP/1.1" 404 1862
INFO 2025-04-11 19:31:57,673 basehttp "GET / HTTP/1.1" 200 69281
WARNING 2025-04-11 19:31:57,719 basehttp "GET /static/css/main.min.css HTTP/1.1" 404 1862
INFO 2025-04-11 19:32:10,055 basehttp "GET / HTTP/1.1" 200 68243
WARNING 2025-04-11 19:32:10,100 basehttp "GET /static/css/main.min.css HTTP/1.1" 404 1862
INFO 2025-04-11 19:33:49,890 basehttp "GET / HTTP/1.1" 200 68370
WARNING 2025-04-11 19:33:49,954 basehttp "GET /static/css/main.min.css HTTP/1.1" 404 1862
INFO 2025-04-11 19:35:27,867 basehttp "GET / HTTP/1.1" 200 68973
WARNING 2025-04-11 19:35:27,921 basehttp "GET /static/css/main.min.css HTTP/1.1" 404 1862
INFO 2025-04-11 19:38:02,672 basehttp "GET / HTTP/1.1" 200 72486
WARNING 2025-04-11 19:38:02,716 basehttp "GET /static/css/main.min.css HTTP/1.1" 404 1862
INFO 2025-04-11 19:38:24,165 basehttp "GET / HTTP/1.1" 200 69865
WARNING 2025-04-11 19:38:24,203 basehttp "GET /static/css/main.min.css HTTP/1.1" 404 1862
INFO 2025-04-11 19:38:43,475 basehttp "GET / HTTP/1.1" 200 69865
WARNING 2025-04-11 19:38:43,522 basehttp "GET /static/css/main.min.css HTTP/1.1" 404 1862
INFO 2025-04-11 19:38:45,092 basehttp "GET / HTTP/1.1" 200 69328
WARNING 2025-04-11 19:38:45,131 basehttp "GET /static/css/main.min.css HTTP/1.1" 404 1862
INFO 2025-04-11 19:39:55,034 basehttp "GET / HTTP/1.1" 200 66364
WARNING 2025-04-11 19:39:55,076 basehttp "GET /static/css/main.min.css HTTP/1.1" 404 1862
INFO 2025-04-11 19:40:09,637 basehttp "GET / HTTP/1.1" 200 66364
WARNING 2025-04-11 19:40:09,682 basehttp "GET /static/css/main.min.css HTTP/1.1" 404 1862
INFO 2025-04-12 00:26:03,453 autoreload Watching for file changes with StatReloader
INFO 2025-04-12 00:26:12,691 basehttp "GET / HTTP/1.1" 200 66364
WARNING 2025-04-12 00:26:12,729 basehttp "GET /static/css/main.min.css HTTP/1.1" 404 1862
INFO 2025-04-12 00:26:12,729 basehttp "GET /static/js/movetop.js HTTP/1.1" 304 0
INFO 2025-04-12 00:33:46,753 basehttp "GET / HTTP/1.1" 200 66364
WARNING 2025-04-12 00:33:46,889 basehttp "GET /static/css/main.min.css HTTP/1.1" 404 1862
INFO 2025-04-12 00:53:22,002 autoreload C:\Users\pranj\PycharmProjects\Portfolio\firstpage\views.py changed, reloading.
INFO 2025-04-12 00:53:24,135 autoreload Watching for file changes with StatReloader
INFO 2025-04-12 00:53:48,049 autoreload C:\Users\pranj\PycharmProjects\Portfolio\portfolio\urls.py changed, reloading.
INFO 2025-04-12 00:53:49,324 autoreload Watching for file changes with StatReloader
INFO 2025-04-12 00:54:04,495 autoreload C:\Users\pranj\PycharmProjects\Portfolio\portfolio\settings.py changed, reloading.
INFO 2025-04-12 00:54:06,130 autoreload Watching for file changes with StatReloader
INFO 2025-04-12 00:54:16,799 autoreload C:\Users\pranj\PycharmProjects\Portfolio\portfolio\sitemap.py changed, reloading.
INFO 2025-04-12 00:54:18,456 autoreload Watching for file changes with StatReloader
INFO 2025-04-12 00:54:40,323 basehttp "GET / HTTP/1.1" 200 60943
WARNING 2025-04-12 00:54:40,430 basehttp "GET /static/css/main.min.css HTTP/1.1" 404 1862
INFO 2025-04-12 00:59:42,872 basehttp "GET / HTTP/1.1" 200 61393
WARNING 2025-04-12 00:59:42,944 basehttp "GET /static/css/main.min.css HTTP/1.1" 404 1862
INFO 2025-04-12 00:59:45,650 basehttp "GET / HTTP/1.1" 200 61393
WARNING 2025-04-12 00:59:45,703 basehttp "GET /static/css/main.min.css HTTP/1.1" 404 1862
INFO 2025-04-12 00:59:55,829 basehttp "GET / HTTP/1.1" 200 61393
WARNING 2025-04-12 00:59:55,888 basehttp "GET /static/css/main.min.css HTTP/1.1" 404 1862
INFO 2025-04-12 01:03:16,601 basehttp "GET / HTTP/1.1" 200 61393
WARNING 2025-04-12 01:03:16,657 basehttp "GET /static/css/main.min.css HTTP/1.1" 404 1862
INFO 2025-04-12 01:03:17,613 basehttp "GET / HTTP/1.1" 200 61393
WARNING 2025-04-12 01:03:17,682 basehttp "GET /static/css/main.min.css HTTP/1.1" 404 1862
INFO 2025-04-12 01:12:21,312 basehttp "GET / HTTP/1.1" 200 61379
INFO 2025-04-12 01:19:14,170 basehttp "GET / HTTP/1.1" 200 62716
INFO 2025-04-12 01:22:35,449 basehttp "GET / HTTP/1.1" 200 62719
INFO 2025-04-12 01:24:56,192 basehttp "GET / HTTP/1.1" 200 62001
INFO 2025-04-15 01:35:42,592 autoreload Watching for file changes with StatReloader
INFO 2025-04-15 01:35:45,645 basehttp code 400, message Bad request version ('Â\x16H\x12dôz=Õ')
ERROR 2025-04-15 01:35:45,646 basehttp You're accessing the development server over HTTPS, but it only supports HTTP.
INFO 2025-04-15 01:35:45,649 basehttp code 400, message Bad request version ('ÚÚ\x13\x01\x13\x02\x13\x03À+À/À,À0Ì©Ì¨À\x13À\x14\x00\x9c\x00\x9d\x00/\x005\x01\x00\x063\x8a\x8a\x00\x00\x00')
ERROR 2025-04-15 01:35:45,649 basehttp You're accessing the development server over HTTPS, but it only supports HTTP.
INFO 2025-04-15 01:36:11,989 basehttp code 400, message Bad request version ('JJ\x13\x01\x13\x02\x13\x03À+À/À,À0Ì©Ì¨À\x13À\x14\x00\x9c\x00\x9d\x00/\x005\x01\x00\x06SJJ\x00\x00\x00#\x00\x00\x00')
ERROR 2025-04-15 01:36:11,990 basehttp You're accessing the development server over HTTPS, but it only supports HTTP.
INFO 2025-04-15 01:36:11,994 basehttp code 400, message Bad request version ('¼')
ERROR 2025-04-15 01:36:11,994 basehttp You're accessing the development server over HTTPS, but it only supports HTTP.
INFO 2025-04-15 01:36:24,579 basehttp code 400, message Bad request version ('\x00\x02\x01\x00DÍ\x00\x05\x00\x03\x02h2\x00')
ERROR 2025-04-15 01:36:24,580 basehttp You're accessing the development server over HTTPS, but it only supports HTTP.
INFO 2025-04-15 01:36:24,583 basehttp code 400, message Bad request version ('x}')
ERROR 2025-04-15 01:36:24,583 basehttp You're accessing the development server over HTTPS, but it only supports HTTP.
INFO 2025-04-15 01:36:33,496 basehttp "GET / HTTP/1.1" 200 61649
INFO 2025-04-15 01:36:33,708 basehttp "GET /static/js/movetop.js HTTP/1.1" 200 3321
WARNING 2025-04-15 01:36:33,756 basehttp "GET /static/js/animations.js HTTP/1.1" 404 1862
INFO 2025-04-15 01:37:48,591 basehttp "GET / HTTP/1.1" 200 62001
INFO 2025-04-15 01:37:48,641 basehttp "GET /static/js/movetop.js HTTP/1.1" 200 2177
INFO 2025-04-15 02:17:25,982 basehttp "GET / HTTP/1.1" 200 65128
INFO 2025-04-15 02:17:26,086 basehttp "GET /static/js/movetop.js HTTP/1.1" 200 3581
WARNING 2025-04-15 02:17:26,093 basehttp "GET /static/js/animations.js HTTP/1.1" 404 1862
INFO 2025-04-15 02:23:47,700 basehttp "GET / HTTP/1.1" 200 68400
INFO 2025-04-15 02:23:47,804 basehttp "GET /static/js/movetop.js HTTP/1.1" 304 0
WARNING 2025-04-15 02:23:47,822 basehttp "GET /static/js/animations.js HTTP/1.1" 404 1862
INFO 2025-04-15 02:24:11,505 basehttp "GET / HTTP/1.1" 200 68400
WARNING 2025-04-15 02:24:11,643 basehttp "GET /static/js/animations.js HTTP/1.1" 404 1862
INFO 2025-04-15 02:24:15,468 basehttp "GET / HTTP/1.1" 200 68400
WARNING 2025-04-15 02:24:15,565 basehttp "GET /static/js/animations.js HTTP/1.1" 404 1862
INFO 2025-04-15 02:24:30,555 basehttp "GET / HTTP/1.1" 200 68400
INFO 2025-04-15 02:24:30,635 basehttp "GET /static/js/movetop.js HTTP/1.1" 304 0
WARNING 2025-04-15 02:24:30,657 basehttp "GET /static/js/animations.js HTTP/1.1" 404 1862
INFO 2025-04-15 02:26:21,864 basehttp "GET / HTTP/1.1" 200 74610
INFO 2025-04-15 02:26:21,971 basehttp "GET /static/js/movetop.js HTTP/1.1" 304 0
WARNING 2025-04-15 02:26:21,986 basehttp "GET /static/js/animations.js HTTP/1.1" 404 1862
INFO 2025-04-15 02:27:38,327 basehttp "GET / HTTP/1.1" 200 74610
WARNING 2025-04-15 02:27:38,455 basehttp "GET /static/js/animations.js HTTP/1.1" 404 1862
INFO 2025-04-15 02:27:38,456 basehttp "GET /static/js/movetop.js HTTP/1.1" 200 3581
